2021-11-26 20:02:23,218:INFO:read_data:Data Printed Successfully
2021-11-26 20:02:47,795:INFO:insert_data:Data Inserted Successfully
2021-11-26 20:03:04,066:INFO:read_data:Data Printed Successfully
2021-11-26 20:03:20,234:INFO:update_data:Data Updated Successfully
2021-11-26 20:03:46,688:INFO:delete_data:Data Deleted Successfully
2021-11-26 20:04:31,531:ERROR:update_data:local variable 'address' referenced before assignment
2021-11-26 20:47:42,834:INFO:read_data:Data Printed Successfully
2021-11-26 21:13:47,785:INFO:read_data:Data Printed Successfully
2021-11-26 21:17:38,379:INFO:insert_data:Data Inserted Successfully
2021-11-26 21:17:40,024:INFO:read_data:Data Printed Successfully
2021-11-26 21:18:04,386:INFO:update_data:Data Updated Successfully
2021-11-26 21:18:14,906:INFO:read_data:Data Printed Successfully
2021-11-26 21:18:39,889:INFO:update_data:Data Updated Successfully
2021-11-26 21:18:41,305:INFO:read_data:Data Printed Successfully
2021-11-26 21:19:14,635:INFO:delete_data:Data Deleted Successfully
2021-11-26 21:19:19,114:INFO:read_data:Data Printed Successfully
2021-11-27 08:29:01,059:INFO:read_data:Data Printed Successfully
2021-11-27 08:29:18,842:INFO:insert_data:Data Inserted Successfully
2021-11-27 08:29:20,807:INFO:read_data:Data Printed Successfully
2021-11-27 08:29:41,747:INFO:update_data:Data Updated Successfully
2021-11-27 08:29:43,154:INFO:read_data:Data Printed Successfully
